Prepare: check process on cuda: 7...
Start: create dataset: [alpha: 0.75], [beta: 25.0], [offset_t: 0], [offset_p: 0.2]...
Load training set in 55.59 sec
Training set: [treated: 0.2375], [prop scores counts: 0.0626]
Load validation set in 50.58 sec
Testing set: [treated: 0.2381], [prop scores counts: 0.0635]
****************************************************************************************************
Real: [effect: ate], [estimation: q], [value: 0.16945]
Unadjusted: [value: 0.2360]
Suggestion: current lr for causal-Bert is 5e-06, which may be too large, we change it to 5e-7.
Start training...
Prepare: check process on cuda: 7...
Start: create dataset: [alpha: 0.75], [beta: 25.0], [offset_t: 0], [offset_p: 0.2]...
Prepare: check process on cuda: 6...
Start: create dataset: [alpha: 0.75], [beta: 25.0], [offset_t: 0], [offset_p: 0.2]...
Load training set in 74.90 sec
Training set: [treated: 0.2375], [prop scores counts: 0.0626]
Load training set in 61.93 sec
Training set: [treated: 0.2375], [prop scores counts: 0.0626]
Load validation set in 64.32 sec
Testing set: [treated: 0.2381], [prop scores counts: 0.0635]
****************************************************************************************************
Real: [effect: ate], [estimation: q], [value: 0.16945]
Unadjusted: [value: 0.2360]
Suggestion: current lr for causal-Bert is 5e-06, which may be too large, we change it to 5e-7.
Start training...
Load validation set in 53.16 sec
Testing set: [treated: 0.2381], [prop scores counts: 0.0635]
****************************************************************************************************
Real: [effect: ate], [estimation: q], [value: 0.16945]
Unadjusted: [value: 0.2360]
Suggestion: current lr for causal-Bert is 5e-06, which may be too large, we change it to 5e-7.
Start training...
Prepare: check process on cuda: 5...
Start: create dataset: [alpha: 0.75], [beta: 25.0], [offset_t: 0], [offset_p: 0.2]...
Prepare: check process on cuda: 4...
Start: create dataset: [alpha: 0.75], [beta: 25.0], [offset_t: 0], [offset_p: 0.2]...
Prepare: check process on cuda: 3...
Start: create dataset: [alpha: 0.75], [beta: 25.0], [offset_t: 0], [offset_p: 0.2]...
Load training set in 63.08 sec
Training set: [treated: 0.2375], [prop scores counts: 0.0626]
Load training set in 66.66 sec
Training set: [treated: 0.2375], [prop scores counts: 0.0626]
Load training set in 64.57 sec
Training set: [treated: 0.2375], [prop scores counts: 0.0626]
Load validation set in 57.82 sec
Testing set: [treated: 0.2381], [prop scores counts: 0.0635]
****************************************************************************************************
Real: [effect: ate], [estimation: q], [value: 0.16945]
Unadjusted: [value: 0.2360]
Suggestion: current lr for causal-Bert is 5e-06, which may be too large, we change it to 5e-7.
Start training...
Load validation set in 54.91 sec
Testing set: [treated: 0.2381], [prop scores counts: 0.0635]
****************************************************************************************************
Real: [effect: ate], [estimation: q], [value: 0.16945]
Unadjusted: [value: 0.2360]
Suggestion: current lr for causal-Bert is 5e-06, which may be too large, we change it to 5e-7.
Start training...
Load validation set in 52.44 sec
Testing set: [treated: 0.2381], [prop scores counts: 0.0635]
****************************************************************************************************
Real: [effect: ate], [estimation: q], [value: 0.16945]
Unadjusted: [value: 0.2360]
Suggestion: current lr for causal-Bert is 5e-06, which may be too large, we change it to 5e-7.
Start training...
Finish: epoch: 1 / 16, time cost: 1429.65 sec, 
              Loss: [Train: p = 0.64339, q = 1.39998], 
              Loss: [Test: p = 0.60886, q = 1.39959, AUC = 0.43071],
              Effect: [ate-q], [train: -0.01315], [test: -0.01317]
********************************************************************************
Finish: epoch: 1 / 13, time cost: 1416.06 sec, 
              Loss: [Train: p = 1.07765, q = 1.39998], 
              Loss: [Test: p = 1.07902, q = 1.39959, AUC = 0.38914],
              Effect: [ate-q], [train: -0.01315], [test: -0.01317]
********************************************************************************
Finish: epoch: 1 / 15, time cost: 2273.49 sec, 
              Loss: [Train: p = 0.55664, q = 1.39727], 
              Loss: [Test: p = 0.54383, q = 1.40214, AUC = 0.85509],
              Effect: [ate-q], [train: -0.04048], [test: -0.04047]
********************************************************************************
Finish: epoch: 1 / 14, time cost: 2248.90 sec, 
              Loss: [Train: p = 1.05799, q = 1.39235], 
              Loss: [Test: p = 1.04514, q = 1.39766, AUC = 0.85915],
              Effect: [ate-q], [train: -0.03642], [test: -0.03640]
********************************************************************************
Finish: epoch: 1 / 17, time cost: 2235.63 sec, 
              Loss: [Train: p = 0.54276, q = 1.40109], 
              Loss: [Test: p = 0.53097, q = 1.40093, AUC = 0.94986],
              Effect: [ate-q], [train: -0.01270], [test: -0.01271]
********************************************************************************
Finish: epoch: 2 / 16, time cost: 1422.39 sec, 
              Loss: [Train: p = 0.58256, q = 1.39997], 
              Loss: [Test: p = 0.57191, q = 1.39950, AUC = 0.47756],
              Effect: [ate-q], [train: -0.01315], [test: -0.01317]
********************************************************************************
Finish: epoch: 2 / 13, time cost: 1419.70 sec, 
              Loss: [Train: p = 1.07431, q = 1.39997], 
              Loss: [Test: p = 1.07563, q = 1.39950, AUC = 0.41385],
              Effect: [ate-q], [train: -0.01315], [test: -0.01317]
********************************************************************************
Finish: epoch: 3 / 16, time cost: 1440.82 sec, 
              Loss: [Train: p = 0.56270, q = 1.39991], 
              Loss: [Test: p = 0.56092, q = 1.39959, AUC = 0.50822],
              Effect: [ate-q], [train: -0.01315], [test: -0.01317]
********************************************************************************
Finish: epoch: 2 / 15, time cost: 2253.31 sec, 
              Loss: [Train: p = 0.53463, q = 1.40433], 
              Loss: [Test: p = 0.52967, q = 1.40758, AUC = 0.96757],
              Effect: [ate-q], [train: -0.04719], [test: -0.04718]
********************************************************************************
Finish: epoch: 3 / 13, time cost: 1437.92 sec, 
              Loss: [Train: p = 1.07132, q = 1.39991], 
              Loss: [Test: p = 1.07252, q = 1.39959, AUC = 0.44102],
              Effect: [ate-q], [train: -0.01315], [test: -0.01317]
********************************************************************************
Finish: epoch: 2 / 14, time cost: 2263.16 sec, 
              Loss: [Train: p = 1.03187, q = 1.40139], 
              Loss: [Test: p = 1.02322, q = 1.40407, AUC = 0.96432],
              Effect: [ate-q], [train: -0.04632], [test: -0.04629]
********************************************************************************
Finish: epoch: 2 / 17, time cost: 2244.87 sec, 
              Loss: [Train: p = 0.52629, q = 1.40100], 
              Loss: [Test: p = 0.52115, q = 1.40016, AUC = 0.98626],
              Effect: [ate-q], [train: -0.01401], [test: -0.01403]
********************************************************************************
Finish: epoch: 4 / 16, time cost: 1434.74 sec, 
              Loss: [Train: p = 0.55686, q = 1.39981], 
              Loss: [Test: p = 0.55702, q = 1.39972, AUC = 0.53233],
              Effect: [ate-q], [train: -0.01315], [test: -0.01317]
********************************************************************************
Finish: epoch: 4 / 13, time cost: 1432.27 sec, 
              Loss: [Train: p = 1.06868, q = 1.39981], 
              Loss: [Test: p = 1.06972, q = 1.39972, AUC = 0.47022],
              Effect: [ate-q], [train: -0.01315], [test: -0.01317]
********************************************************************************
Finish: epoch: 3 / 15, time cost: 2252.66 sec, 
              Loss: [Train: p = 0.52390, q = 1.40796], 
              Loss: [Test: p = 0.51934, q = 1.40971, AUC = 0.99405],
              Effect: [ate-q], [train: -0.04946], [test: -0.04944]
********************************************************************************
Finish: epoch: 3 / 17, time cost: 2240.79 sec, 
              Loss: [Train: p = 0.51426, q = 1.40039], 
              Loss: [Test: p = 0.50869, q = 1.40034, AUC = 0.99969],
              Effect: [ate-q], [train: -0.01601], [test: -0.01604]
********************************************************************************
Finish: epoch: 3 / 14, time cost: 2251.62 sec, 
              Loss: [Train: p = 1.01596, q = 1.40506], 
              Loss: [Test: p = 1.00995, q = 1.40639, AUC = 0.98891],
              Effect: [ate-q], [train: -0.04960], [test: -0.04956]
********************************************************************************
Finish: epoch: 5 / 16, time cost: 1427.01 sec, 
              Loss: [Train: p = 0.55431, q = 1.39986], 
              Loss: [Test: p = 0.55480, q = 1.39963, AUC = 0.55528],
              Effect: [ate-q], [train: -0.01315], [test: -0.01317]
********************************************************************************
Finish: epoch: 5 / 13, time cost: 1435.10 sec, 
              Loss: [Train: p = 1.06615, q = 1.39986], 
              Loss: [Test: p = 1.06713, q = 1.39963, AUC = 0.50138],
              Effect: [ate-q], [train: -0.01315], [test: -0.01317]
********************************************************************************
Finish: epoch: 6 / 16, time cost: 1420.48 sec, 
              Loss: [Train: p = 0.55270, q = 1.39994], 
              Loss: [Test: p = 0.55313, q = 1.39965, AUC = 0.57918],
              Effect: [ate-q], [train: -0.01315], [test: -0.01317]
********************************************************************************
Finish: epoch: 6 / 13, time cost: 1435.73 sec, 
              Loss: [Train: p = 1.06401, q = 1.39994], 
              Loss: [Test: p = 1.06476, q = 1.39965, AUC = 0.53414],
              Effect: [ate-q], [train: -0.01315], [test: -0.01317]
********************************************************************************
Finish: epoch: 4 / 15, time cost: 2256.91 sec, 
              Loss: [Train: p = 0.51147, q = 1.40844], 
              Loss: [Test: p = 0.50937, q = 1.40832, AUC = 0.99970],
              Effect: [ate-q], [train: -0.04814], [test: -0.04811]
********************************************************************************
Finish: epoch: 4 / 17, time cost: 2246.54 sec, 
              Loss: [Train: p = 0.50523, q = 1.40043], 
              Loss: [Test: p = 0.50520, q = 1.40033, AUC = 0.99978],
              Effect: [ate-q], [train: -0.01681], [test: -0.01683]
********************************************************************************
Finish: epoch: 4 / 14, time cost: 2252.14 sec, 
              Loss: [Train: p = 0.99845, q = 1.40739], 
              Loss: [Test: p = 0.99256, q = 1.40810, AUC = 0.99934],
              Effect: [ate-q], [train: -0.05344], [test: -0.05340]
********************************************************************************
Finish: epoch: 7 / 16, time cost: 1428.71 sec, 
              Loss: [Train: p = 0.55126, q = 1.39994], 
              Loss: [Test: p = 0.55174, q = 1.39968, AUC = 0.60448],
              Effect: [ate-q], [train: -0.01315], [test: -0.01317]
********************************************************************************
Finish: epoch: 7 / 13, time cost: 1418.49 sec, 
              Loss: [Train: p = 1.06178, q = 1.39994], 
              Loss: [Test: p = 1.06259, q = 1.39968, AUC = 0.56756],
              Effect: [ate-q], [train: -0.01315], [test: -0.01317]
********************************************************************************
Prepare: check process on cuda: 7...
Start: create dataset: [alpha: 0.75], [beta: 25.0], [offset_t: 0], [offset_p: 0.2]...
Load training set in 69.26 sec
Training set: [treated: 0.2375], [prop scores counts: 0.0626]
Load validation set in 64.70 sec
Testing set: [treated: 0.2381], [prop scores counts: 0.0635]
****************************************************************************************************
Real: [effect: ate], [estimation: q], [value: 0.16945]
Unadjusted: [value: 0.2360]
Suggestion: current lr for causal-Bert is 5e-06, which may be too large, we change it to 5e-7.
Start training...
Finish: epoch: 5 / 15, time cost: 2272.65 sec, 
              Loss: [Train: p = 0.50508, q = 1.40674], 
              Loss: [Test: p = 0.50622, q = 1.40522, AUC = 0.99969],
              Effect: [ate-q], [train: -0.04387], [test: -0.04384]
********************************************************************************
Finish: epoch: 5 / 17, time cost: 2242.90 sec, 
              Loss: [Train: p = 0.50298, q = 1.40045], 
              Loss: [Test: p = 0.50441, q = 1.40018, AUC = 0.99976],
              Effect: [ate-q], [train: -0.01700], [test: -0.01703]
********************************************************************************
Finish: epoch: 5 / 14, time cost: 2246.53 sec, 
              Loss: [Train: p = 0.98477, q = 1.40861], 
              Loss: [Test: p = 0.98601, q = 1.40697, AUC = 0.99973],
              Effect: [ate-q], [train: -0.05180], [test: -0.05177]
********************************************************************************
Finish: epoch: 1 / 20, time cost: 2243.38 sec, 
              Loss: [Train: p = 0.54277, q = 1.36515], 
              Loss: [Test: p = 0.53097, q = 1.33502, AUC = 0.94981],
              Effect: [ate-q], [train: 0.06398], [test: 0.06398]
********************************************************************************
Finish: epoch: 6 / 15, time cost: 2245.26 sec, 
              Loss: [Train: p = 0.50325, q = 1.40418], 
              Loss: [Test: p = 0.50584, q = 1.40289, AUC = 0.99954],
              Effect: [ate-q], [train: -0.04142], [test: -0.04139]
********************************************************************************
Finish: epoch: 6 / 17, time cost: 2235.96 sec, 
              Loss: [Train: p = 0.50197, q = 1.40049], 
              Loss: [Test: p = 0.50422, q = 1.40027, AUC = 0.99972],
              Effect: [ate-q], [train: -0.01719], [test: -0.01722]
********************************************************************************
Finish: epoch: 6 / 14, time cost: 2243.45 sec, 
              Loss: [Train: p = 0.98012, q = 1.40707], 
              Loss: [Test: p = 0.98449, q = 1.40506, AUC = 0.99957],
              Effect: [ate-q], [train: -0.04933], [test: -0.04929]
********************************************************************************
Finish: epoch: 2 / 20, time cost: 2276.02 sec, 
              Loss: [Train: p = 0.52713, q = 1.26163], 
              Loss: [Test: p = 0.52314, q = 1.24977, AUC = 0.98332],
              Effect: [ate-q], [train: 0.22412], [test: 0.22409]
********************************************************************************
Finish: epoch: 7 / 15, time cost: 2286.43 sec, 
              Loss: [Train: p = 0.50200, q = 1.40242], 
              Loss: [Test: p = 0.50515, q = 1.40119, AUC = 0.99962],
              Effect: [ate-q], [train: -0.03876], [test: -0.03872]
********************************************************************************
Finish: epoch: 7 / 17, time cost: 2289.21 sec, 
              Loss: [Train: p = 0.50115, q = 1.40053], 
              Loss: [Test: p = 0.50376, q = 1.40029, AUC = 0.99974],
              Effect: [ate-q], [train: -0.01708], [test: -0.01710]
********************************************************************************
Finish: epoch: 7 / 14, time cost: 2295.85 sec, 
              Loss: [Train: p = 0.97741, q = 1.40598], 
              Loss: [Test: p = 0.98318, q = 1.40398, AUC = 0.99965],
              Effect: [ate-q], [train: -0.04710], [test: -0.04705]
********************************************************************************
Finish: epoch: 3 / 20, time cost: 2294.58 sec, 
              Loss: [Train: p = 0.51739, q = 1.23584], 
              Loss: [Test: p = 0.51109, q = 1.22789, AUC = 0.99936],
              Effect: [ate-q], [train: 0.21702], [test: 0.21705]
********************************************************************************
Finish: epoch: 8 / 15, time cost: 2334.16 sec, 
              Loss: [Train: p = 0.50151, q = 1.40094], 
              Loss: [Test: p = 0.50408, q = 1.40040, AUC = 0.99947],
              Effect: [ate-q], [train: -0.03718], [test: -0.03714]
********************************************************************************
Finish: epoch: 8 / 17, time cost: 2334.47 sec, 
              Loss: [Train: p = 0.50075, q = 1.40039], 
              Loss: [Test: p = 0.50339, q = 1.40012, AUC = 0.99970],
              Effect: [ate-q], [train: -0.01687], [test: -0.01689]
********************************************************************************
Finish: epoch: 8 / 14, time cost: 2334.51 sec, 
              Loss: [Train: p = 0.97591, q = 1.40511], 
              Loss: [Test: p = 0.98122, q = 1.40357, AUC = 0.99954],
              Effect: [ate-q], [train: -0.04597], [test: -0.04593]
********************************************************************************
Finish: epoch: 4 / 20, time cost: 2263.68 sec, 
              Loss: [Train: p = 0.50567, q = 1.21604], 
              Loss: [Test: p = 0.50433, q = 1.20708, AUC = 0.99978],
              Effect: [ate-q], [train: 0.18976], [test: 0.18987]
********************************************************************************
Finish: epoch: 9 / 15, time cost: 2283.27 sec, 
              Loss: [Train: p = 0.50081, q = 1.40044], 
              Loss: [Test: p = 0.50434, q = 1.39922, AUC = 0.99950],
              Effect: [ate-q], [train: -0.03657], [test: -0.03653]
********************************************************************************
Finish: epoch: 9 / 17, time cost: 2279.54 sec, 
              Loss: [Train: p = 0.50023, q = 1.40054], 
              Loss: [Test: p = 0.50376, q = 1.40016, AUC = 0.99973],
              Effect: [ate-q], [train: -0.01679], [test: -0.01682]
********************************************************************************
Finish: epoch: 9 / 14, time cost: 2280.04 sec, 
              Loss: [Train: p = 0.97443, q = 1.40445], 
              Loss: [Test: p = 0.98160, q = 1.40261, AUC = 0.99956],
              Effect: [ate-q], [train: -0.04511], [test: -0.04507]
********************************************************************************
Finish: epoch: 5 / 20, time cost: 2274.13 sec, 
              Loss: [Train: p = 0.50229, q = 1.20252], 
              Loss: [Test: p = 0.50320, q = 1.19884, AUC = 0.99968],
              Effect: [ate-q], [train: 0.18170], [test: 0.18180]
********************************************************************************
Finish: epoch: 10 / 15, time cost: 2333.55 sec, 
              Loss: [Train: p = 0.50027, q = 1.39936], 
              Loss: [Test: p = 0.50372, q = 1.39873, AUC = 0.99941],
              Effect: [ate-q], [train: -0.03614], [test: -0.03610]
********************************************************************************
Finish: epoch: 10 / 17, time cost: 2322.85 sec, 
              Loss: [Train: p = 0.49991, q = 1.40063], 
              Loss: [Test: p = 0.50348, q = 1.39988, AUC = 0.99969],
              Effect: [ate-q], [train: -0.01634], [test: -0.01636]
********************************************************************************
Finish: epoch: 10 / 14, time cost: 2328.60 sec, 
              Loss: [Train: p = 0.97358, q = 1.40355], 
              Loss: [Test: p = 0.98050, q = 1.40176, AUC = 0.99947],
              Effect: [ate-q], [train: -0.04386], [test: -0.04381]
********************************************************************************
Finish: epoch: 6 / 20, time cost: 2280.25 sec, 
              Loss: [Train: p = 0.50149, q = 1.19385], 
              Loss: [Test: p = 0.50306, q = 1.19363, AUC = 0.99966],
              Effect: [ate-q], [train: 0.18217], [test: 0.18228]
********************************************************************************
Finish: epoch: 11 / 15, time cost: 2331.79 sec, 
              Loss: [Train: p = 0.49988, q = 1.39920], 
              Loss: [Test: p = 0.50389, q = 1.39862, AUC = 0.99939],
              Effect: [ate-q], [train: -0.03560], [test: -0.03556]
********************************************************************************
Finish: epoch: 11 / 17, time cost: 2334.79 sec, 
              Loss: [Train: p = 0.49960, q = 1.40041], 
              Loss: [Test: p = 0.50389, q = 1.40008, AUC = 0.99954],
              Effect: [ate-q], [train: -0.01622], [test: -0.01625]
********************************************************************************
Finish: epoch: 11 / 14, time cost: 2329.74 sec, 
              Loss: [Train: p = 0.97246, q = 1.40323], 
              Loss: [Test: p = 0.98063, q = 1.40207, AUC = 0.99947],
              Effect: [ate-q], [train: -0.04355], [test: -0.04350]
********************************************************************************
Finish: epoch: 7 / 20, time cost: 2275.31 sec, 
              Loss: [Train: p = 0.50095, q = 1.18892], 
              Loss: [Test: p = 0.50265, q = 1.18994, AUC = 0.99965],
              Effect: [ate-q], [train: 0.18484], [test: 0.18491]
********************************************************************************
Finish: epoch: 12 / 15, time cost: 2284.99 sec, 
              Loss: [Train: p = 0.49959, q = 1.39932], 
              Loss: [Test: p = 0.50412, q = 1.39898, AUC = 0.99948],
              Effect: [ate-q], [train: -0.03618], [test: -0.03615]
********************************************************************************
Finish: epoch: 12 / 17, time cost: 2269.10 sec, 
              Loss: [Train: p = 0.49929, q = 1.40039], 
              Loss: [Test: p = 0.50350, q = 1.39993, AUC = 0.99948],
              Effect: [ate-q], [train: -0.01601], [test: -0.01603]
********************************************************************************
Finish: epoch: 12 / 14, time cost: 2279.55 sec, 
              Loss: [Train: p = 0.97180, q = 1.40365], 
              Loss: [Test: p = 0.98129, q = 1.40250, AUC = 0.99955],
              Effect: [ate-q], [train: -0.04416], [test: -0.04412]
********************************************************************************
Finish: epoch: 8 / 20, time cost: 2246.92 sec, 
              Loss: [Train: p = 0.50077, q = 1.18600], 
              Loss: [Test: p = 0.50246, q = 1.18731, AUC = 0.99962],
              Effect: [ate-q], [train: 0.17604], [test: 0.17610]
********************************************************************************
Finish: epoch: 13 / 15, time cost: 2259.11 sec, 
              Loss: [Train: p = 0.49908, q = 1.39940], 
              Loss: [Test: p = 0.50383, q = 1.39880, AUC = 0.99939],
              Effect: [ate-q], [train: -0.03619], [test: -0.03615]
********************************************************************************
Finish: epoch: 13 / 17, time cost: 2240.55 sec, 
              Loss: [Train: p = 0.49879, q = 1.40052], 
              Loss: [Test: p = 0.50359, q = 1.40016, AUC = 0.99943],
              Effect: [ate-q], [train: -0.01602], [test: -0.01604]
********************************************************************************
Finish: epoch: 13 / 14, time cost: 2253.02 sec, 
              Loss: [Train: p = 0.97060, q = 1.40357], 
              Loss: [Test: p = 0.98066, q = 1.40210, AUC = 0.99947],
              Effect: [ate-q], [train: -0.04369], [test: -0.04365]
********************************************************************************
Finish: epoch: 9 / 20, time cost: 2247.50 sec, 
              Loss: [Train: p = 0.50054, q = 1.18253], 
              Loss: [Test: p = 0.50254, q = 1.18422, AUC = 0.99960],
              Effect: [ate-q], [train: 0.18083], [test: 0.18084]
********************************************************************************
Finish: epoch: 14 / 15, time cost: 2254.89 sec, 
              Loss: [Train: p = 0.49878, q = 1.39917], 
              Loss: [Test: p = 0.50411, q = 1.39871, AUC = 0.99930],
              Effect: [ate-q], [train: -0.03663], [test: -0.03659]
********************************************************************************
Finish: epoch: 14 / 17, time cost: 2247.23 sec, 
              Loss: [Train: p = 0.49855, q = 1.40044], 
              Loss: [Test: p = 0.50354, q = 1.40004, AUC = 0.99946],
              Effect: [ate-q], [train: -0.01581], [test: -0.01583]
********************************************************************************
Finish: epoch: 14 / 14, time cost: 2241.96 sec, 
              Loss: [Train: p = 0.96989, q = 1.40323], 
              Loss: [Test: p = 0.98108, q = 1.40184, AUC = 0.99936],
              Effect: [ate-q], [train: -0.04368], [test: -0.04364]
********************************************************************************
Finish training...
**************************************************Final result**************************************************
Real: [effect: ate], [estimation: q], [value: 0.16945],
              Unadjusted: [value: 0.2360],
              Smoothed: [value: -0.0436], [window: 1],
              Best Prop Loss: [Epoch: 10], [Value: 0.98050]...
Finish: epoch: 10 / 20, time cost: 2246.30 sec, 
              Loss: [Train: p = 0.50039, q = 1.17917], 
              Loss: [Test: p = 0.50244, q = 1.18530, AUC = 0.99961],
              Effect: [ate-q], [train: 0.17216], [test: 0.17218]
********************************************************************************
Finish: epoch: 15 / 15, time cost: 2238.08 sec, 
              Loss: [Train: p = 0.49839, q = 1.39923], 
              Loss: [Test: p = 0.50462, q = 1.39946, AUC = 0.99926],
              Effect: [ate-q], [train: -0.03785], [test: -0.03782]
********************************************************************************
Finish training...
**************************************************Final result**************************************************
Real: [effect: ate], [estimation: q], [value: 0.16945],
              Unadjusted: [value: 0.2360],
              Smoothed: [value: -0.0378], [window: 1],
              Best Prop Loss: [Epoch: 10], [Value: 0.50372]...
Finish: epoch: 15 / 17, time cost: 2235.57 sec, 
              Loss: [Train: p = 0.49815, q = 1.40050], 
              Loss: [Test: p = 0.50416, q = 1.40001, AUC = 0.99947],
              Effect: [ate-q], [train: -0.01572], [test: -0.01574]
********************************************************************************
Finish: epoch: 11 / 20, time cost: 2239.40 sec, 
              Loss: [Train: p = 0.50030, q = 1.17891], 
              Loss: [Test: p = 0.50288, q = 1.18335, AUC = 0.99940],
              Effect: [ate-q], [train: 0.16810], [test: 0.16809]
********************************************************************************
Finish: epoch: 16 / 17, time cost: 2233.70 sec, 
              Loss: [Train: p = 0.49781, q = 1.40039], 
              Loss: [Test: p = 0.50408, q = 1.40018, AUC = 0.99944],
              Effect: [ate-q], [train: -0.01584], [test: -0.01586]
********************************************************************************
Finish: epoch: 12 / 20, time cost: 2238.33 sec, 
              Loss: [Train: p = 0.50020, q = 1.17773], 
              Loss: [Test: p = 0.50259, q = 1.18456, AUC = 0.99930],
              Effect: [ate-q], [train: 0.17098], [test: 0.17094]
********************************************************************************
Finish: epoch: 17 / 17, time cost: 2234.85 sec, 
              Loss: [Train: p = 0.49737, q = 1.40052], 
              Loss: [Test: p = 0.50458, q = 1.40022, AUC = 0.99919],
              Effect: [ate-q], [train: -0.01586], [test: -0.01588]
********************************************************************************
Finish training...
**************************************************Final result**************************************************
Real: [effect: ate], [estimation: q], [value: 0.16945],
              Unadjusted: [value: 0.2360],
              Smoothed: [value: -0.0159], [window: 1],
              Best Prop Loss: [Epoch: 8], [Value: 0.50339]...
Finish: epoch: 13 / 20, time cost: 2256.78 sec, 
              Loss: [Train: p = 0.50004, q = 1.17535], 
              Loss: [Test: p = 0.50276, q = 1.18312, AUC = 0.99933],
              Effect: [ate-q], [train: 0.17572], [test: 0.17570]
********************************************************************************
Finish: epoch: 14 / 20, time cost: 2240.65 sec, 
              Loss: [Train: p = 0.49999, q = 1.17485], 
              Loss: [Test: p = 0.50261, q = 1.18379, AUC = 0.99931],
              Effect: [ate-q], [train: 0.16311], [test: 0.16310]
********************************************************************************
Finish: epoch: 15 / 20, time cost: 2244.03 sec, 
              Loss: [Train: p = 0.49982, q = 1.17315], 
              Loss: [Test: p = 0.50289, q = 1.18354, AUC = 0.99933],
              Effect: [ate-q], [train: 0.17249], [test: 0.17249]
********************************************************************************
Finish: epoch: 16 / 20, time cost: 2242.52 sec, 
              Loss: [Train: p = 0.49977, q = 1.17293], 
              Loss: [Test: p = 0.50276, q = 1.18314, AUC = 0.99925],
              Effect: [ate-q], [train: 0.16747], [test: 0.16747]
********************************************************************************
Finish: epoch: 17 / 20, time cost: 2244.87 sec, 
              Loss: [Train: p = 0.49962, q = 1.17271], 
              Loss: [Test: p = 0.50294, q = 1.18376, AUC = 0.99899],
              Effect: [ate-q], [train: 0.17237], [test: 0.17241]
********************************************************************************
Finish: epoch: 18 / 20, time cost: 2243.95 sec, 
              Loss: [Train: p = 0.49948, q = 1.17272], 
              Loss: [Test: p = 0.50295, q = 1.18364, AUC = 0.99911],
              Effect: [ate-q], [train: 0.16726], [test: 0.16733]
********************************************************************************
Finish: epoch: 19 / 20, time cost: 2244.91 sec, 
              Loss: [Train: p = 0.49923, q = 1.17003], 
              Loss: [Test: p = 0.50294, q = 1.18452, AUC = 0.99907],
              Effect: [ate-q], [train: 0.17135], [test: 0.17140]
********************************************************************************
Finish: epoch: 20 / 20, time cost: 2241.00 sec, 
              Loss: [Train: p = 0.49919, q = 1.17017], 
              Loss: [Test: p = 0.50317, q = 1.18620, AUC = 0.99905],
              Effect: [ate-q], [train: 0.14705], [test: 0.14711]
********************************************************************************
Finish training...
**************************************************Final result**************************************************
Real: [effect: ate], [estimation: q], [value: 0.16945],
              Unadjusted: [value: 0.2360],
              Smoothed: [value: 0.1593], [window: 2],
              Best Prop Loss: [Epoch: 10], [Value: 0.50244]...
